I, [2018-05-26T21:48:18.047425 #90663]  INFO -- : Refreshing Gem list
I, [2018-05-26T21:48:19.256430 #90663]  INFO -- : listening on addr=/Users/junjieli/Work/syp-apps/sypctl-server/tmp/unicorn.sock fd=7
I, [2018-05-26T21:48:19.257276 #90663]  INFO -- : listening on addr=0.0.0.0:4567 fd=11
I, [2018-05-26T21:48:19.264169 #90663]  INFO -- : master process ready
I, [2018-05-26T21:48:19.272823 #90665]  INFO -- : worker=0 ready
I, [2018-05-26T21:48:25.015429 #90730]  INFO -- : executing ["/Users/junjieli/.rbenv/versions/2.3.0/bin/unicorn", "-c", "config/unicorn.rb", "-p", "4567", "-E", "production", "-D", {7=>#<Kgio::UNIXServer:/Users/junjieli/Work/syp-apps/sypctl-server/tmp/unicorn.sock>, 11=>#<Kgio::TCPServer:fd 11>}] (in /Users/junjieli/Work/syp-apps/sypctl-server)
I, [2018-05-26T21:48:25.306194 #90730]  INFO -- : inherited addr=/Users/junjieli/Work/syp-apps/sypctl-server/tmp/unicorn.sock fd=7
I, [2018-05-26T21:48:25.306655 #90730]  INFO -- : inherited addr=0.0.0.0:4567 fd=11
I, [2018-05-26T21:48:25.307086 #90730]  INFO -- : Refreshing Gem list
I, [2018-05-26T21:48:26.502047 #90730]  INFO -- : master process ready
I, [2018-05-26T21:48:26.507854 #90740]  INFO -- : worker=0 ready
I, [2018-05-26T21:48:26.597642 #90663]  INFO -- : reaped #<Process::Status: pid 90665 exit 0> worker=0
I, [2018-05-26T21:48:26.598005 #90663]  INFO -- : master complete
I, [2018-05-26T21:48:28.724143 #90730]  INFO -- : reaped #<Process::Status: pid 90740 exit 0> worker=0
I, [2018-05-26T21:48:28.724956 #90730]  INFO -- : master complete
I, [2018-05-26T21:48:29.309177 #90920]  INFO -- : Refreshing Gem list
I, [2018-05-26T21:48:30.504830 #90920]  INFO -- : unlinking existing socket=/Users/junjieli/Work/syp-apps/sypctl-server/tmp/unicorn.sock
I, [2018-05-26T21:48:30.505121 #90920]  INFO -- : listening on addr=/Users/junjieli/Work/syp-apps/sypctl-server/tmp/unicorn.sock fd=7
I, [2018-05-26T21:48:30.505525 #90920]  INFO -- : listening on addr=0.0.0.0:4567 fd=11
I, [2018-05-26T21:48:30.511197 #90920]  INFO -- : master process ready
I, [2018-05-26T21:48:30.516990 #90924]  INFO -- : worker=0 ready
I, [2018-05-26T22:29:27.308901 #90920]  INFO -- : reaped #<Process::Status: pid 90924 exit 0> worker=0
I, [2018-05-26T22:29:27.309398 #90920]  INFO -- : master complete
